w:\desktop\cgi github repositories\game2048cpp\game2048cpp\debug\vc140.pdb
w:\desktop\cgi github repositories\game2048cpp\game2048cpp\debug\vc140.idb
w:\desktop\cgi github repositories\game2048cpp\game2048cpp\debug\bitboard.obj
w:\desktop\cgi github repositories\game2048cpp\game2048cpp\debug\bitboardoperationset.obj
w:\desktop\cgi github repositories\game2048cpp\game2048cpp\debug\bitboardscoretableset.obj
w:\desktop\cgi github repositories\game2048cpp\game2048cpp\debug\bitboardshifttableset.obj
w:\desktop\cgi github repositories\game2048cpp\game2048cpp\debug\game.obj
w:\desktop\cgi github repositories\game2048cpp\game2048cpp\debug\mathcomputationtableset.obj
w:\desktop\cgi github repositories\game2048cpp\game2048cpp\debug\program.obj
w:\desktop\cgi github repositories\game2048cpp\game2048cpp\debug\bitboardtableset.obj
w:\desktop\cgi github repositories\game2048cpp\game2048cpp\debug\fourtuplefeature.obj
w:\desktop\cgi github repositories\game2048cpp\game2048cpp\debug\multilayerperceptron.obj
w:\desktop\cgi github repositories\game2048cpp\game2048cpp\debug\tuplefeature.obj
w:\desktop\cgi github repositories\game2048cpp\game2048cpp\debug\learningagent.obj
w:\desktop\cgi github repositories\game2048cpp\game2048cpp\debug\mlp_rewardtrained_rewardlearningai.obj
w:\desktop\cgi github repositories\game2048cpp\game2048cpp\debug\rewardlearningai.obj
w:\desktop\cgi github repositories\game2048cpp\game2048cpp\debug\learningai.obj
w:\desktop\cgi github repositories\game2048cpp\game2048cpp\debug\sixtuplefeature.obj
w:\desktop\cgi github repositories\game2048cpp\game2048cpp\debug\td_learningai.obj
w:\desktop\cgi github repositories\game2048cpp\game2048cpp\debug\tuplenetwork.obj
w:\desktop\cgi github repositories\game2048cpp\debug\game2048cpp.ilk
w:\desktop\cgi github repositories\game2048cpp\debug\game2048cpp.exe
w:\desktop\cgi github repositories\game2048cpp\debug\game2048cpp.pdb
w:\desktop\cgi github repositories\game2048cpp\game2048cpp\debug\game2048cpp.res
w:\desktop\cgi github repositories\game2048cpp\game2048cpp\debug\game2048cpp.tlog\cl.command.1.tlog
w:\desktop\cgi github repositories\game2048cpp\game2048cpp\debug\game2048cpp.tlog\cl.read.1.tlog
w:\desktop\cgi github repositories\game2048cpp\game2048cpp\debug\game2048cpp.tlog\cl.write.1.tlog
w:\desktop\cgi github repositories\game2048cpp\game2048cpp\debug\game2048cpp.tlog\link.11828-cvtres.read.1.tlog
w:\desktop\cgi github repositories\game2048cpp\game2048cpp\debug\game2048cpp.tlog\link.11828-cvtres.write.1.tlog
w:\desktop\cgi github repositories\game2048cpp\game2048cpp\debug\game2048cpp.tlog\link.11828-rc.read.1.tlog
w:\desktop\cgi github repositories\game2048cpp\game2048cpp\debug\game2048cpp.tlog\link.11828-rc.write.1.tlog
w:\desktop\cgi github repositories\game2048cpp\game2048cpp\debug\game2048cpp.tlog\link.11828.read.1.tlog
w:\desktop\cgi github repositories\game2048cpp\game2048cpp\debug\game2048cpp.tlog\link.11828.write.1.tlog
w:\desktop\cgi github repositories\game2048cpp\game2048cpp\debug\game2048cpp.tlog\link.command.1.tlog
w:\desktop\cgi github repositories\game2048cpp\game2048cpp\debug\game2048cpp.tlog\link.read.1.tlog
w:\desktop\cgi github repositories\game2048cpp\game2048cpp\debug\game2048cpp.tlog\link.write.1.tlog
w:\desktop\cgi github repositories\game2048cpp\game2048cpp\debug\game2048cpp.tlog\rc.command.1.tlog
w:\desktop\cgi github repositories\game2048cpp\game2048cpp\debug\game2048cpp.tlog\rc.read.1.tlog
w:\desktop\cgi github repositories\game2048cpp\game2048cpp\debug\game2048cpp.tlog\rc.write.1.tlog
