  BitBoard.cpp
  BitBoardTableSet.h
  FourTupleFeature.cpp
  Game.cpp
  LearningAgent.cpp
LearningAgent.cpp(110): warning C4244: '=': 將 'clock_t' 轉換為 'float'，由於類型不同，可能導致資料遺失
  LearningAI.cpp
  MathComputationTableSet.h
MathComputationTableSet.h(16): warning C4334: '<<': 32 位元位移的結果已隱含轉換為 64 位元 (是否原來就是要進行 64 位元位移?
  MLP_RewardTrained_RewardLearningAI.cpp
  MultiLayerPerceptron.cpp
  Program.cpp
  RewardLearningAI.cpp
  SixTupleFeature.cpp
  TD_LearningAI.cpp
TD_LearningAI.cpp(30): warning C4267: '正在初始化': 將 'size_t' 轉換為 'int'，資料可能遺失
  TupleFeature.cpp
  TupleNetwork.cpp
  正在產生程式碼
  All 625 functions were compiled because no usable IPDB/IOBJ from previous compilation was found.
  已完成程式碼產生
  Game2048Cpp.vcxproj -> W:\Desktop\CGI GitHub Repositories\Game2048Cpp\x64\Release\Game2048Cpp.exe
  Game2048Cpp.vcxproj -> W:\Desktop\CGI GitHub Repositories\Game2048Cpp\x64\Release\Game2048Cpp.pdb (Full PDB)
